This file contains any messages produced by compilers while
running configure, to aid debugging if configure makes a mistake.

It was created by Empathy configure 3.3.4.20120127, which was
generated by GNU Autoconf 2.68.  Invocation command line was

  $ ./configure 

## --------- ##
## Platform. ##
## --------- ##

hostname = myhost
uname -m = i686
uname -r = 3.2.1-1-ARCH
uname -s = Linux
uname -v = #1 SMP PREEMPT Fri Jan 13 08:19:09 UTC 2012

/usr/bin/uname -p = unknown
/bin/uname -X     = unknown

/bin/arch              = i686
/usr/bin/arch -k       = unknown
/usr/convex/getsysinfo = unknown
/usr/bin/hostinfo      = unknown
/bin/machine           = unknown
/usr/bin/oslevel       = unknown
/bin/universe          = unknown

PATH: /usr/local/bin
PATH: /usr/bin
PATH: /bin
PATH: /usr/local/sbin
PATH: /usr/sbin
PATH: /sbin
PATH: /usr/bin/core_perl
PATH: /home/jovanka/.local/bin
PATH: /home/jovanka/.local/bin
PATH: /home/jovanka/.local/bin
PATH: /home/jovanka/.local/bin


## ----------- ##
## Core tests. ##
## ----------- ##

configure:2629: Configuring sources in telepathy-yell
configure:2691: running /bin/sh ./configure '--prefix=NONE'  'PKG_CONFIG_PATH=/usr/local/lib/pkgconfig' '--disable-shared-library' --cache-file=/dev/null --srcdir=.
configure:2699: Done configuring in telepathy-yell
configure:2756: checking for a BSD-compatible install
configure:2824: result: /bin/install -c
configure:2835: checking whether build environment is sane
configure:2885: result: yes
configure:3026: checking for a thread-safe mkdir -p
configure:3065: result: /bin/mkdir -p
configure:3078: checking for gawk
configure:3094: found /usr/bin/gawk
configure:3105: result: gawk
configure:3116: checking whether make sets $(MAKE)
configure:3138: result: yes
configure:3204: checking how to create a ustar tar archive
configure:3217: tar --version
tar (GNU tar) 1.26
Copyright (C) 2011 Free Software Foundation, Inc.
License GPLv3+: GNU GPL version 3 or later <http://gnu.org/licenses/gpl.html>.
This is free software: you are free to change and redistribute it.
There is NO WARRANTY, to the extent permitted by law.

Written by John Gilmore and Jay Fenlason.
configure:3220: $? = 0
configure:3260: tardir=conftest.dir && eval tar --format=ustar -chf - "$tardir" >conftest.tar
configure:3263: $? = 0
configure:3267: tar -xf - <conftest.tar
configure:3270: $? = 0
configure:3283: result: gnutar
configure:3356: checking for gcc
configure:3372: found /usr/bin/gcc
configure:3383: result: gcc
configure:3612: checking for C compiler version
configure:3621: gcc --version >&5
gcc (GCC) 4.6.2 20111223 (prerelease)
Copyright (C) 2011 Free Software Foundation, Inc.
This is free software; see the source for copying conditions.  There is NO
warranty; not even for MERCHANTABILITY or FITNESS FOR A PARTICULAR PURPOSE.

configure:3632: $? = 0
configure:3621: gcc -v >&5
Using built-in specs.
COLLECT_GCC=gcc
COLLECT_LTO_WRAPPER=/usr/lib/gcc/i686-pc-linux-gnu/4.6.2/lto-wrapper
Target: i686-pc-linux-gnu
Configured with: /build/src/gcc-4.6-20111223/configure --prefix=/usr --libdir=/usr/lib --libexecdir=/usr/lib --mandir=/usr/share/man --infodir=/usr/share/info --with-bugurl=https://bugs.archlinux.org/ --enable-languages=c,c++,ada,fortran,go,lto,objc,obj-c++ --enable-shared --enable-threads=posix --with-system-zlib --enable-__cxa_atexit --disable-libunwind-exceptions --enable-clocale=gnu --enable-gnu-unique-object --enable-linker-build-id --with-ppl --enable-cloog-backend=isl --enable-lto --enable-gold --enable-ld=default --enable-plugin --with-plugin-ld=ld.gold --disable-multilib --disable-libssp --disable-libstdcxx-pch --enable-checking=release
Thread model: posix
gcc version 4.6.2 20111223 (prerelease) (GCC) 
configure:3632: $? = 0
configure:3621: gcc -V >&5
gcc: error: unrecognized option '-V'
gcc: fatal error: no input files
compilation terminated.
configure:3632: $? = 1
configure:3621: gcc -qversion >&5
gcc: error: unrecognized option '-qversion'
gcc: fatal error: no input files
compilation terminated.
configure:3632: $? = 1
configure:3652: checking whether the C compiler works
configure:3674: gcc    conftest.c  >&5
configure:3678: $? = 0
configure:3726: result: yes
configure:3729: checking for C compiler default output file name
configure:3731: result: a.out
configure:3737: checking for suffix of executables
configure:3744: gcc -o conftest    conftest.c  >&5
configure:3748: $? = 0
configure:3770: result: 
configure:3792: checking whether we are cross compiling
configure:3800: gcc -o conftest    conftest.c  >&5
configure:3804: $? = 0
configure:3811: ./conftest
configure:3815: $? = 0
configure:3830: result: no
configure:3835: checking for suffix of object files
configure:3857: gcc -c   conftest.c >&5
configure:3861: $? = 0
configure:3882: result: o
configure:3886: checking whether we are using the GNU C compiler
configure:3905: gcc -c   conftest.c >&5
configure:3905: $? = 0
configure:3914: result: yes
configure:3923: checking whether gcc accepts -g
configure:3943: gcc -c -g  conftest.c >&5
configure:3943: $? = 0
configure:3984: result: yes
configure:4001: checking for gcc option to accept ISO C89
configure:4065: gcc  -c -g -O2  conftest.c >&5
configure:4065: $? = 0
configure:4078: result: none needed
configure:4109: checking for style of include used by make
configure:4137: result: GNU
configure:4163: checking dependency style of gcc
configure:4274: result: gcc3
configure:4295: checking how to run the C preprocessor
configure:4326: gcc -E  conftest.c
configure:4326: $? = 0
configure:4340: gcc -E  conftest.c
conftest.c:10:28: fatal error: ac_nonexistent.h: No such file or directory
compilation terminated.
configure:4340: $? = 1
configure: failed program was:
| /* confdefs.h */
| #define PACKAGE_NAME "Empathy"
| #define PACKAGE_TARNAME "empathy"
| #define PACKAGE_VERSION "3.3.4.20120127"
| #define PACKAGE_STRING "Empathy 3.3.4.20120127"
| #define PACKAGE_BUGREPORT "http://bugzilla.gnome.org/browse.cgi?product=empathy"
| #define PACKAGE_URL "https://live.gnome.org/Empathy"
| #define GLIB_DISABLE_DEPRECATION_WARNINGS 1
| /* end confdefs.h.  */
| #include <ac_nonexistent.h>
configure:4365: result: gcc -E
configure:4385: gcc -E  conftest.c
configure:4385: $? = 0
configure:4399: gcc -E  conftest.c
conftest.c:10:28: fatal error: ac_nonexistent.h: No such file or directory
compilation terminated.
configure:4399: $? = 1
configure: failed program was:
| /* confdefs.h */
| #define PACKAGE_NAME "Empathy"
| #define PACKAGE_TARNAME "empathy"
| #define PACKAGE_VERSION "3.3.4.20120127"
| #define PACKAGE_STRING "Empathy 3.3.4.20120127"
| #define PACKAGE_BUGREPORT "http://bugzilla.gnome.org/browse.cgi?product=empathy"
| #define PACKAGE_URL "https://live.gnome.org/Empathy"
| #define GLIB_DISABLE_DEPRECATION_WARNINGS 1
| /* end confdefs.h.  */
| #include <ac_nonexistent.h>
configure:4428: checking for grep that handles long lines and -e
configure:4486: result: /bin/grep
configure:4491: checking for egrep
configure:4553: result: /bin/grep -E
configure:4558: checking for ANSI C header files
configure:4578: gcc -c -g -O2  conftest.c >&5
configure:4578: $? = 0
configure:4651: gcc -o conftest -g -O2   conftest.c  >&5
configure:4651: $? = 0
configure:4651: ./conftest
configure:4651: $? = 0
configure:4662: result: yes
configure:4760: checking for pkg-config
configure:4778: found /usr/bin/pkg-config
configure:4790: result: /usr/bin/pkg-config
configure:4815: checking pkg-config is at least version 0.16
configure:4818: result: yes
configure:4835: checking for GLIB - version >= 2.0.0
configure:4949: gcc -o conftest -g -O2 -I/usr/include/glib-2.0 -I/usr/lib/glib-2.0/include     conftest.c -lglib-2.0    >&5
configure:4949: $? = 0
configure:4949: ./conftest
configure:4949: $? = 0
configure:4963: result: yes (version 2.30.2)
configure:5029: checking for X
configure:5137: gcc -E  conftest.c
configure:5137: $? = 0
configure:5168: gcc -o conftest -g -O2   conftest.c -lX11  >&5
configure:5168: $? = 0
configure:5218: result: libraries , headers 
configure:5317: gcc -o conftest -g -O2   conftest.c   -lX11 >&5
configure:5317: $? = 0
configure:5415: checking for gethostbyname
configure:5415: gcc -o conftest -g -O2   conftest.c  >&5
configure:5415: $? = 0
configure:5415: result: yes
configure:5512: checking for connect
configure:5512: gcc -o conftest -g -O2   conftest.c  >&5
configure:5512: $? = 0
configure:5512: result: yes
configure:5561: checking for remove
configure:5561: gcc -o conftest -g -O2   conftest.c  >&5
configure:5561: $? = 0
configure:5561: result: yes
configure:5610: checking for shmat
configure:5610: gcc -o conftest -g -O2   conftest.c  >&5
configure:5610: $? = 0
configure:5610: result: yes
configure:5668: checking for IceConnectionNumber in -lICE
configure:5693: gcc -o conftest -g -O2   conftest.c -lICE   >&5
configure:5693: $? = 0
configure:5702: result: yes
configure:5744: checking build system type
configure:5758: result: i686-pc-linux-gnu
configure:5778: checking host system type
configure:5791: result: i686-pc-linux-gnu
configure:5832: checking how to print strings
configure:5859: result: printf
configure:5880: checking for a sed that does not truncate output
configure:5944: result: /bin/sed
configure:5962: checking for fgrep
configure:6024: result: /bin/grep -F
configure:6059: checking for ld used by gcc
configure:6126: result: /usr/bin/ld
configure:6133: checking if the linker (/usr/bin/ld) is GNU ld
configure:6148: result: yes
configure:6160: checking for BSD- or MS-compatible name lister (nm)
configure:6209: result: /usr/bin/nm -B
configure:6339: checking the name lister (/usr/bin/nm -B) interface
configure:6346: gcc -c -g -O2  conftest.c >&5
configure:6349: /usr/bin/nm -B "conftest.o"
configure:6352: output
00000000 B some_variable
configure:6359: result: BSD nm
configure:6362: checking whether ln -s works
configure:6366: result: yes
configure:6374: checking the maximum length of command line arguments
configure:6504: result: 1572864
configure:6521: checking whether the shell understands some XSI constructs
configure:6531: result: yes
configure:6535: checking whether the shell understands "+="
configure:6541: result: yes
configure:6576: checking how to convert i686-pc-linux-gnu file names to i686-pc-linux-gnu format
configure:6616: result: func_convert_file_noop
configure:6623: checking how to convert i686-pc-linux-gnu file names to toolchain format
configure:6643: result: func_convert_file_noop
configure:6650: checking for /usr/bin/ld option to reload object files
configure:6657: result: -r
configure:6731: checking for objdump
configure:6747: found /usr/bin/objdump
configure:6758: result: objdump
configure:6790: checking how to recognize dependent libraries
configure:6992: result: pass_all
configure:7077: checking for dlltool
configure:7107: result: no
configure:7137: checking how to associate runtime and link libraries
configure:7164: result: printf %s\n
configure:7224: checking for ar
configure:7240: found /usr/bin/ar
configure:7251: result: ar
configure:7288: checking for archiver @FILE support
configure:7305: gcc -c -g -O2  conftest.c >&5
configure:7305: $? = 0
configure:7308: ar cru libconftest.a @conftest.lst >&5
configure:7311: $? = 0
configure:7316: ar cru libconftest.a @conftest.lst >&5
ar: conftest.o: No such file or directory
configure:7319: $? = 1
configure:7331: result: @
configure:7389: checking for strip
configure:7405: found /usr/bin/strip
configure:7416: result: strip
configure:7488: checking for ranlib
configure:7504: found /usr/bin/ranlib
configure:7515: result: ranlib
configure:7617: checking command to parse /usr/bin/nm -B output from gcc object
configure:7737: gcc -c -g -O2  conftest.c >&5
configure:7740: $? = 0
configure:7744: /usr/bin/nm -B conftest.o \| sed -n -e 's/^.*[ ]\([ABCDGIRSTW][ABCDGIRSTW]*\)[ ][ ]*\([_A-Za-z][_A-Za-z0-9]*\)$/\1 \2 \2/p' | sed '/ __gnu_lto/d' \> conftest.nm
configure:7747: $? = 0
configure:7813: gcc -o conftest -g -O2   conftest.c conftstm.o >&5
configure:7816: $? = 0
configure:7854: result: ok
configure:7891: checking for sysroot
configure:7921: result: no
configure:8177: checking for mt
configure:8207: result: no
configure:8227: checking if : is a manifest tool
configure:8233: : '-?'
configure:8241: result: no
configure:8883: checking for sys/types.h
configure:8883: gcc -c -g -O2  conftest.c >&5
configure:8883: $? = 0
configure:8883: result: yes
configure:8883: checking for sys/stat.h
configure:8883: gcc -c -g -O2  conftest.c >&5
configure:8883: $? = 0
configure:8883: result: yes
configure:8883: checking for stdlib.h
configure:8883: gcc -c -g -O2  conftest.c >&5
configure:8883: $? = 0
configure:8883: result: yes
configure:8883: checking for string.h
configure:8883: gcc -c -g -O2  conftest.c >&5
configure:8883: $? = 0
configure:8883: result: yes
configure:8883: checking for memory.h
configure:8883: gcc -c -g -O2  conftest.c >&5
configure:8883: $? = 0
configure:8883: result: yes
configure:8883: checking for strings.h
configure:8883: gcc -c -g -O2  conftest.c >&5
configure:8883: $? = 0
configure:8883: result: yes
configure:8883: checking for inttypes.h
configure:8883: gcc -c -g -O2  conftest.c >&5
configure:8883: $? = 0
configure:8883: result: yes
configure:8883: checking for stdint.h
configure:8883: gcc -c -g -O2  conftest.c >&5
configure:8883: $? = 0
configure:8883: result: yes
configure:8883: checking for unistd.h
configure:8883: gcc -c -g -O2  conftest.c >&5
configure:8883: $? = 0
configure:8883: result: yes
configure:8897: checking for dlfcn.h
configure:8897: gcc -c -g -O2  conftest.c >&5
configure:8897: $? = 0
configure:8897: result: yes
configure:9103: checking for objdir
configure:9118: result: .libs
configure:9389: checking if gcc supports -fno-rtti -fno-exceptions
configure:9407: gcc -c -g -O2  -fno-rtti -fno-exceptions conftest.c >&5
cc1: warning: command line option '-fno-rtti' is valid for C++/ObjC++ but not for C [enabled by default]
configure:9411: $? = 0
configure:9424: result: no
configure:9751: checking for gcc option to produce PIC
configure:9758: result: -fPIC -DPIC
configure:9766: checking if gcc PIC flag -fPIC -DPIC works
configure:9784: gcc -c -g -O2  -fPIC -DPIC -DPIC conftest.c >&5
configure:9788: $? = 0
configure:9801: result: yes
configure:9830: checking if gcc static flag -static works
configure:9858: result: yes
configure:9873: checking if gcc supports -c -o file.o
configure:9894: gcc -c -g -O2  -o out/conftest2.o conftest.c >&5
configure:9898: $? = 0
configure:9920: result: yes
configure:9928: checking if gcc supports -c -o file.o
configure:9975: result: yes
configure:10008: checking whether the gcc linker (/usr/bin/ld) supports shared libraries
configure:11161: result: yes
configure:11198: checking whether -lc should be explicitly linked in
configure:11206: gcc -c -g -O2  conftest.c >&5
configure:11209: $? = 0
configure:11224: gcc -shared  -fPIC -DPIC conftest.o  -v -Wl,-soname -Wl,conftest -o conftest 2\>\&1 \| /bin/grep  -lc  \>/dev/null 2\>\&1
configure:11227: $? = 0
configure:11241: result: no
configure:11401: checking dynamic linker characteristics
configure:11912: gcc -o conftest -g -O2   -Wl,-rpath -Wl,/foo conftest.c  >&5
configure:11912: $? = 0
configure:12134: result: GNU/Linux ld.so
configure:12241: checking how to hardcode library paths into programs
configure:12266: result: immediate
configure:12806: checking whether stripping libraries is possible
configure:12811: result: yes
configure:12846: checking if libtool supports shared libraries
configure:12848: result: yes
configure:12851: checking whether to build shared libraries
configure:12872: result: yes
configure:12875: checking whether to build static libraries
configure:12879: result: yes
configure:12920: checking gnome-doc-utils >= 0.17.3
configure:12923: $PKG_CONFIG --exists --print-errors "gnome-doc-utils >= $gdu_cv_version_required"
configure:12926: $? = 0
configure:12934: result: yes
configure:13008: checking for dbus-binding-tool
configure:13026: found /usr/bin/dbus-binding-tool
configure:13038: result: /usr/bin/dbus-binding-tool
configure:13112: checking for pkg-config
configure:13142: result: /usr/bin/pkg-config
configure:13167: checking pkg-config is at least version 0.16
configure:13170: result: yes
configure:13285: checking for xsltproc
configure:13301: found /usr/bin/xsltproc
configure:13312: result: xsltproc
configure:13359: checking for a Python interpreter with version >= 2.3
configure:13376: python -c import sys # split strings by '.' and convert to numeric. Append some zeros # because we need at least 4 digits for the hex conversion. # map returns an iterator in Python 3.0 and a list in 2.x minver = list(map(int, '2.3'.split('.'))) + [0, 0, 0] minverhex = 0 # xrange is not present in Python 3.0 and range returns an iterator for i in list(range(0, 4)): minverhex = (minverhex << 8) + minver[i] sys.exit(sys.hexversion < minverhex)
configure:13379: $? = 0
configure:13385: result: python
configure:13393: checking for python
configure:13411: found /usr/local/bin/python
configure:13423: result: /usr/local/bin/python
configure:13441: checking for python version
configure:13448: result: 2.7
configure:13460: checking for python platform
configure:13467: result: linux3
configure:13474: checking for python script directory
configure:13503: result: ${prefix}/lib/python2.7/site-packages
configure:13512: checking for python extension module directory
configure:13541: result: ${exec_prefix}/lib/python2.7/site-packages
configure:13579: checking for VALGRIND
configure:13586: $PKG_CONFIG --exists --print-errors "valgrind > "$valgrind_req""
Package valgrind was not found in the pkg-config search path.
Perhaps you should add the directory containing `valgrind.pc'
to the PKG_CONFIG_PATH environment variable
No package 'valgrind' found
configure:13589: $? = 1
configure:13603: $PKG_CONFIG --exists --print-errors "valgrind > "$valgrind_req""
Package valgrind was not found in the pkg-config search path.
Perhaps you should add the directory containing `valgrind.pc'
to the PKG_CONFIG_PATH environment variable
No package 'valgrind' found
configure:13606: $? = 1
configure:13620: result: no
No package 'valgrind' found
configure:13651: checking for valgrind
configure:13684: result: no
configure:13722: checking to see if compiler understands -Wall
configure:13739: gcc -c -g -O2 -Wall  conftest.c >&5
configure:13739: $? = 0
configure:13754: result: yes
configure:13758: checking to see if compiler understands -Werror
configure:13775: gcc -c -g -O2 -Werror  conftest.c >&5
configure:13775: $? = 0
configure:13790: result: yes
configure:13803: checking to see if compiler understands -Wextra
configure:13820: gcc -c -g -O2 -Wextra  conftest.c >&5
configure:13820: $? = 0
configure:13835: result: yes
configure:13839: checking to see if compiler understands -Wno-missing-field-initializers
configure:13856: gcc -c -g -O2 -Wno-missing-field-initializers  conftest.c >&5
configure:13856: $? = 0
configure:13871: result: yes
configure:13875: checking to see if compiler understands -Wno-unused-parameter
configure:13892: gcc -c -g -O2 -Wno-unused-parameter  conftest.c >&5
configure:13892: $? = 0
configure:13907: result: yes
configure:13923: checking to see if compiler understands -Wdeclaration-after-statement
configure:13940: gcc -c -g -O2 -Wdeclaration-after-statement  conftest.c >&5
configure:13940: $? = 0
configure:13955: result: yes
configure:13959: checking to see if compiler understands -Wshadow
configure:13976: gcc -c -g -O2 -Wshadow  conftest.c >&5
configure:13976: $? = 0
configure:13991: result: yes
configure:13995: checking to see if compiler understands -Wmissing-prototypes
configure:14012: gcc -c -g -O2 -Wmissing-prototypes  conftest.c >&5
configure:14012: $? = 0
configure:14027: result: yes
configure:14031: checking to see if compiler understands -Wmissing-declarations
configure:14048: gcc -c -g -O2 -Wmissing-declarations  conftest.c >&5
configure:14048: $? = 0
configure:14063: result: yes
configure:14067: checking to see if compiler understands -Wstrict-prototypes
configure:14084: gcc -c -g -O2 -Wstrict-prototypes  conftest.c >&5
conftest.c:24:1: warning: function declaration isn't a prototype [-Wstrict-prototypes]
configure:14084: $? = 0
configure:14099: result: yes
configure:14211: checking for cos in -lm
configure:14236: gcc -o conftest -g -O2   conftest.c -lm   >&5
conftest.c:29:6: warning: conflicting types for built-in function 'cos' [enabled by default]
configure:14236: $? = 0
configure:14245: result: yes
configure:14259: checking for EMPATHY
configure:14292: $PKG_CONFIG --exists --print-errors "
   dbus-glib-1
   folks >= $FOLKS_REQUIRED
   folks-telepathy >= $FOLKS_REQUIRED
   glib-2.0 >= $GLIB_REQUIRED
   gio-2.0 >= $GLIB_REQUIRED
   gio-unix-2.0 >= $GLIB_REQUIRED
   gnome-keyring-1 >= $KEYRING_REQUIRED
   gnutls >= $GNUTLS_REQUIRED
   gmodule-export-2.0
   gobject-2.0
   gsettings-desktop-schemas
   gstreamer-0.10 >= $GSTREAMER_REQUIRED
   gstreamer-interfaces-0.10
   libxml-2.0
   telepathy-glib >= $TELEPATHY_GLIB_REQUIRED
   telepathy-logger-0.2 >= $TELEPATHY_LOGGER
   x11
   gtk+-3.0 >= $GTK_REQUIRED
   libcanberra-gtk3 >= $LIBCANBERRA_GTK_REQUIRED
   libnotify >= $LIBNOTIFY_REQUIRED
   gcr-3 >= $GCR_REQUIRED
   libpulse
   libpulse-mainloop-glib
   webkitgtk-3.0 >= $WEBKIT_REQUIRED
   libsoup-2.4
"
configure:14321: $? = 0
configure:14387: $PKG_CONFIG --exists --print-errors "
   dbus-glib-1
   folks >= $FOLKS_REQUIRED
   folks-telepathy >= $FOLKS_REQUIRED
   glib-2.0 >= $GLIB_REQUIRED
   gio-2.0 >= $GLIB_REQUIRED
   gio-unix-2.0 >= $GLIB_REQUIRED
   gnome-keyring-1 >= $KEYRING_REQUIRED
   gnutls >= $GNUTLS_REQUIRED
   gmodule-export-2.0
   gobject-2.0
   gsettings-desktop-schemas
   gstreamer-0.10 >= $GSTREAMER_REQUIRED
   gstreamer-interfaces-0.10
   libxml-2.0
   telepathy-glib >= $TELEPATHY_GLIB_REQUIRED
   telepathy-logger-0.2 >= $TELEPATHY_LOGGER
   x11
   gtk+-3.0 >= $GTK_REQUIRED
   libcanberra-gtk3 >= $LIBCANBERRA_GTK_REQUIRED
   libnotify >= $LIBNOTIFY_REQUIRED
   gcr-3 >= $GCR_REQUIRED
   libpulse
   libpulse-mainloop-glib
   webkitgtk-3.0 >= $WEBKIT_REQUIRED
   libsoup-2.4
"
configure:14416: $? = 0
configure:14578: result: yes
configure:14585: checking for YELL
configure:14592: $PKG_CONFIG --exists --print-errors "telepathy-yell"
configure:14595: $? = 0
configure:14609: $PKG_CONFIG --exists --print-errors "telepathy-yell"
configure:14612: $? = 0
configure:14670: result: yes
configure:14677: checking for EMPATHY_AV
configure:14687: $PKG_CONFIG --exists --print-errors "
   farsight2-0.10
   telepathy-farsight >= $TELEPATHY_FARSIGHT_REQUIRED
"
configure:14693: $? = 0
configure:14713: $PKG_CONFIG --exists --print-errors "
   farsight2-0.10
   telepathy-farsight >= $TELEPATHY_FARSIGHT_REQUIRED
"
configure:14719: $? = 0
configure:14789: result: yes
configure:14811: checking for EMPATHY_CALL
configure:14824: $PKG_CONFIG --exists --print-errors "
      farsight2-0.10
      telepathy-farstream >= 0.1.2
      clutter-1.0 >= $CLUTTER_REQUIRED
      clutter-gtk-1.0
      clutter-gst-1.0
   "
Requested 'telepathy-farstream >= 0.1.2' but version of Telepathy-Farstream is 0.1.1
configure:14833: $? = 1
configure:14859: $PKG_CONFIG --exists --print-errors "
      farsight2-0.10
      telepathy-farstream >= 0.1.2
      clutter-1.0 >= $CLUTTER_REQUIRED
      clutter-gtk-1.0
      clutter-gst-1.0
   "
Requested 'telepathy-farstream >= 0.1.2' but version of Telepathy-Farstream is 0.1.1
configure:14868: $? = 1
configure:14888: result: no
Requested 'telepathy-farstream >= 0.1.2' but version of Telepathy-Farstream is 0.1.1
configure:14971: checking telepathy-logger/call-event.h usability
configure:14971: gcc -c -g -O2 -pthread -DGSEAL_ENABLE -D_REENTRANT -I/usr/local/include -I/usr/local/include/telepathy-1.0 -I/usr/local/include/atk-1.0 -I/usr/local/include/pango-1.0 -I/usr/include/dbus-1.0 -I/usr/lib/dbus-1.0/include -I/usr/include/glib-2.0 -I/usr/lib/glib-2.0/include -I/usr/include/gee-1.0 -I/usr/include/gio-unix-2.0/ -I/usr/include/gnome-keyring-1 -I/usr/include/p11-kit-1 -I/usr/include/gstreamer-0.10 -I/usr/include/libxml2 -I/usr/include/telepathy-logger-0.2 -I/usr/include/gtk-3.0 -I/usr/include/cairo -I/usr/include/gdk-pixbuf-2.0 -I/usr/include/pixman-1 -I/usr/include/freetype2 -I/usr/include/libpng14 -I/usr/include/gcr-3 -I/usr/include/gck-1 -I/usr/include/webkit-3.0 -I/usr/include/libsoup-2.4 -I/usr/include/gsettings-desktop-schemas    -pthread -DGSEAL_ENABLE -D_REENTRANT -I/usr/local/include -I/usr/local/include/telepathy-1.0 -I/usr/local/include/atk-1.0 -I/usr/local/include/pango-1.0 -I/usr/include/dbus-1.0 -I/usr/lib/dbus-1.0/include -I/usr/include/glib-2.0 -I/usr/lib/glib-2.0/include -I/usr/include/gee-1.0 -I/usr/include/gio-unix-2.0/ -I/usr/include/gnome-keyring-1 -I/usr/include/p11-kit-1 -I/usr/include/gstreamer-0.10 -I/usr/include/libxml2 -I/usr/include/telepathy-logger-0.2 -I/usr/include/gtk-3.0 -I/usr/include/cairo -I/usr/include/gdk-pixbuf-2.0 -I/usr/include/pixman-1 -I/usr/include/freetype2 -I/usr/include/libpng14 -I/usr/include/gcr-3 -I/usr/include/gck-1 -I/usr/include/webkit-3.0 -I/usr/include/libsoup-2.4 -I/usr/include/gsettings-desktop-schemas   conftest.c >&5
configure:14971: $? = 0
configure:14971: result: yes
configure:14971: checking telepathy-logger/call-event.h presence
configure:14971: gcc -E  -pthread -DGSEAL_ENABLE -D_REENTRANT -I/usr/local/include -I/usr/local/include/telepathy-1.0 -I/usr/local/include/atk-1.0 -I/usr/local/include/pango-1.0 -I/usr/include/dbus-1.0 -I/usr/lib/dbus-1.0/include -I/usr/include/glib-2.0 -I/usr/lib/glib-2.0/include -I/usr/include/gee-1.0 -I/usr/include/gio-unix-2.0/ -I/usr/include/gnome-keyring-1 -I/usr/include/p11-kit-1 -I/usr/include/gstreamer-0.10 -I/usr/include/libxml2 -I/usr/include/telepathy-logger-0.2 -I/usr/include/gtk-3.0 -I/usr/include/cairo -I/usr/include/gdk-pixbuf-2.0 -I/usr/include/pixman-1 -I/usr/include/freetype2 -I/usr/include/libpng14 -I/usr/include/gcr-3 -I/usr/include/gck-1 -I/usr/include/webkit-3.0 -I/usr/include/libsoup-2.4 -I/usr/include/gsettings-desktop-schemas   conftest.c
configure:14971: $? = 0
configure:14971: result: yes
configure:14971: checking for telepathy-logger/call-event.h
configure:14971: result: yes
configure:15012: checking for EDS
configure:15019: $PKG_CONFIG --exists --print-errors "libebook-1.2"
configure:15022: $? = 0
configure:15036: $PKG_CONFIG --exists --print-errors "libebook-1.2"
configure:15039: $? = 0
configure:15097: result: yes
configure:15128: checking whether NLS is requested
configure:15137: result: yes
configure:15152: checking for intltool >= 0.40.0
configure:15159: result: 0.40.6 found
configure:15167: checking for intltool-update
configure:15185: found /usr/local/bin/intltool-update
configure:15197: result: /usr/local/bin/intltool-update
configure:15207: checking for intltool-merge
configure:15225: found /usr/local/bin/intltool-merge
configure:15237: result: /usr/local/bin/intltool-merge
configure:15247: checking for intltool-extract
configure:15265: found /usr/local/bin/intltool-extract
configure:15277: result: /usr/local/bin/intltool-extract
configure:15408: checking for xgettext
configure:15426: found /usr/bin/xgettext
configure:15438: result: /usr/bin/xgettext
configure:15448: checking for msgmerge
configure:15466: found /usr/bin/msgmerge
configure:15478: result: /usr/bin/msgmerge
configure:15488: checking for msgfmt
configure:15506: found /usr/bin/msgfmt
configure:15518: result: /usr/bin/msgfmt
configure:15528: checking for gmsgfmt
configure:15559: result: /usr/bin/msgfmt
configure:15579: checking for perl
configure:15597: found /usr/bin/perl
configure:15609: result: /usr/bin/perl
configure:15620: checking for perl >= 5.8.1
configure:15627: result: 5.14.2
configure:15631: checking for XML::Parser
configure:15634: result: ok
configure:15659: gcc -o conftest -g -O2   conftest.c  >&5
configure:15659: $? = 0
configure:15724: checking for msgfmt
configure:15756: result: /usr/bin/msgfmt
configure:15765: checking for gmsgfmt
configure:15796: result: /usr/bin/msgfmt
configure:15847: checking for xgettext
configure:15879: result: /usr/bin/xgettext
configure:15925: checking for msgmerge
configure:15956: result: /usr/bin/msgmerge
configure:16013: checking for ld used by GCC
configure:16077: result: /usr/bin/ld
configure:16084: checking if the linker (/usr/bin/ld) is GNU ld
configure:16097: result: yes
configure:16104: checking for shared library run path origin
configure:16117: result: done
configure:16618: checking for CFPreferencesCopyAppValue
configure:16636: gcc -o conftest -g -O2   conftest.c  -Wl,-framework -Wl,CoreFoundation >&5
conftest.c:26:42: fatal error: CoreFoundation/CFPreferences.h: No such file or directory
compilation terminated.
configure:16636: $? = 1
configure: failed program was:
| /* confdefs.h */
| #define PACKAGE_NAME "Empathy"
| #define PACKAGE_TARNAME "empathy"
| #define PACKAGE_VERSION "3.3.4.20120127"
| #define PACKAGE_STRING "Empathy 3.3.4.20120127"
| #define PACKAGE_BUGREPORT "http://bugzilla.gnome.org/browse.cgi?product=empathy"
| #define PACKAGE_URL "https://live.gnome.org/Empathy"
| #define GLIB_DISABLE_DEPRECATION_WARNINGS 1
| #define STDC_HEADERS 1
| #define HAVE_SYS_TYPES_H 1
| #define HAVE_SYS_STAT_H 1
| #define HAVE_STDLIB_H 1
| #define HAVE_STRING_H 1
| #define HAVE_MEMORY_H 1
| #define HAVE_STRINGS_H 1
| #define HAVE_INTTYPES_H 1
| #define HAVE_STDINT_H 1
| #define HAVE_UNISTD_H 1
| #define HAVE_DLFCN_H 1
| #define LT_OBJDIR ".libs/"
| #define EMPATHY_GOA_PROVIDER "org.gnome.OnlineAccounts"
| #define HAVE_CALL_LOGS 1
| #define HAVE_EDS 1
| #define ENABLE_DEBUG /**/
| /* end confdefs.h.  */
| #include <CoreFoundation/CFPreferences.h>
| int
| main ()
| {
| CFPreferencesCopyAppValue(NULL, NULL)
|   ;
|   return 0;
| }
configure:16645: result: no
configure:16652: checking for CFLocaleCopyCurrent
configure:16670: gcc -o conftest -g -O2   conftest.c  -Wl,-framework -Wl,CoreFoundation >&5
conftest.c:26:37: fatal error: CoreFoundation/CFLocale.h: No such file or directory
compilation terminated.
configure:16670: $? = 1
configure: failed program was:
| /* confdefs.h */
| #define PACKAGE_NAME "Empathy"
| #define PACKAGE_TARNAME "empathy"
| #define PACKAGE_VERSION "3.3.4.20120127"
| #define PACKAGE_STRING "Empathy 3.3.4.20120127"
| #define PACKAGE_BUGREPORT "http://bugzilla.gnome.org/browse.cgi?product=empathy"
| #define PACKAGE_URL "https://live.gnome.org/Empathy"
| #define GLIB_DISABLE_DEPRECATION_WARNINGS 1
| #define STDC_HEADERS 1
| #define HAVE_SYS_TYPES_H 1
| #define HAVE_SYS_STAT_H 1
| #define HAVE_STDLIB_H 1
| #define HAVE_STRING_H 1
| #define HAVE_MEMORY_H 1
| #define HAVE_STRINGS_H 1
| #define HAVE_INTTYPES_H 1
| #define HAVE_STDINT_H 1
| #define HAVE_UNISTD_H 1
| #define HAVE_DLFCN_H 1
| #define LT_OBJDIR ".libs/"
| #define EMPATHY_GOA_PROVIDER "org.gnome.OnlineAccounts"
| #define HAVE_CALL_LOGS 1
| #define HAVE_EDS 1
| #define ENABLE_DEBUG /**/
| /* end confdefs.h.  */
| #include <CoreFoundation/CFLocale.h>
| int
| main ()
| {
| CFLocaleCopyCurrent();
|   ;
|   return 0;
| }
configure:16679: result: no
configure:16728: checking for GNU gettext in libc
configure:16748: gcc -o conftest -g -O2   conftest.c  >&5
configure:16748: $? = 0
configure:16757: result: yes
configure:17503: checking whether to use NLS
configure:17505: result: yes
configure:17508: checking where the gettext function comes from
configure:17519: result: libc
configure:17703: checking for NETWORK_MANAGER
configure:17712: $PKG_CONFIG --exists --print-errors "
      libnm-glib >= $NETWORK_MANAGER_REQUIRED
   "
configure:17717: $? = 0
configure:17735: $PKG_CONFIG --exists --print-errors "
      libnm-glib >= $NETWORK_MANAGER_REQUIRED
   "
configure:17740: $? = 0
configure:17784: result: yes
configure:17840: checking for UDEV
configure:17847: $PKG_CONFIG --exists --print-errors "gudev-1.0"
configure:17850: $? = 0
configure:17864: $PKG_CONFIG --exists --print-errors "gudev-1.0"
configure:17867: $? = 0
configure:17905: result: yes
configure:17947: checking for ENCHANT
configure:17957: $PKG_CONFIG --exists --print-errors "
      enchant >= $ENCHANT_REQUIRED,
      iso-codes >= $ISO_CODES_REQUIRED
   "
configure:17963: $? = 0
configure:17983: $PKG_CONFIG --exists --print-errors "
      enchant >= $ENCHANT_REQUIRED,
      iso-codes >= $ISO_CODES_REQUIRED
   "
configure:17989: $? = 0
configure:18036: result: yes
configure:18042: checking whether iso-codes has iso-639 and iso-3166 domains
configure:18059: result: yes
configure:18096: checking for LIBCHAMPLAIN
configure:18107: $PKG_CONFIG --exists --print-errors "
       clutter-gtk-1.0
       champlain-gtk-0.12
       champlain-0.12 >= $CHAMPLAIN_REQUIRED
    "
Requested 'champlain-0.12 >= 0.12.1' but version of libchamplain is 0.12.0
configure:18114: $? = 1
configure:18136: $PKG_CONFIG --exists --print-errors "
       clutter-gtk-1.0
       champlain-gtk-0.12
       champlain-0.12 >= $CHAMPLAIN_REQUIRED
    "
Requested 'champlain-0.12 >= 0.12.1' but version of libchamplain is 0.12.0
configure:18143: $? = 1
configure:18161: result: no
Requested 'champlain-0.12 >= 0.12.1' but version of libchamplain is 0.12.0
configure:18236: checking for GEOCLUE
configure:18245: $PKG_CONFIG --exists --print-errors "
      geoclue >= $GEOCLUE_REQUIRED
   "
Package geoclue was not found in the pkg-config search path.
Perhaps you should add the directory containing `geoclue.pc'
to the PKG_CONFIG_PATH environment variable
No package 'geoclue' found
configure:18250: $? = 1
configure:18268: $PKG_CONFIG --exists --print-errors "
      geoclue >= $GEOCLUE_REQUIRED
   "
Package geoclue was not found in the pkg-config search path.
Perhaps you should add the directory containing `geoclue.pc'
to the PKG_CONFIG_PATH environment variable
No package 'geoclue' found
configure:18273: $? = 1
configure:18289: result: no
No package 'geoclue' found
configure:18362: checking for GEOCODE
configure:18371: $PKG_CONFIG --exists --print-errors "
      geocode-glib
   "
Package geocode-glib was not found in the pkg-config search path.
Perhaps you should add the directory containing `geocode-glib.pc'
to the PKG_CONFIG_PATH environment variable
No package 'geocode-glib' found
configure:18376: $? = 1
configure:18394: $PKG_CONFIG --exists --print-errors "
      geocode-glib
   "
Package geocode-glib was not found in the pkg-config search path.
Perhaps you should add the directory containing `geocode-glib.pc'
to the PKG_CONFIG_PATH environment variable
No package 'geocode-glib' found
configure:18399: $? = 1
configure:18415: result: no
No package 'geocode-glib' found
configure:18622: checking for NST
configure:18631: $PKG_CONFIG --exists --print-errors "
       nautilus-sendto >= $NAUTILUS_SENDTO_REQUIRED
    "
configure:18636: $? = 0
configure:18654: $PKG_CONFIG --exists --print-errors "
       nautilus-sendto >= $NAUTILUS_SENDTO_REQUIRED
    "
configure:18659: $? = 0
configure:18703: result: yes
configure:18740: checking for GOA
configure:18750: $PKG_CONFIG --exists --print-errors "
       mission-control-plugins
       goa-1.0 >= $GOA_REQUIRED
    "
Requested 'goa-1.0 >= 3.3.0' but version of Goa is 3.2.1
configure:18756: $? = 1
configure:18776: $PKG_CONFIG --exists --print-errors "
       mission-control-plugins
       goa-1.0 >= $GOA_REQUIRED
    "
Requested 'goa-1.0 >= 3.3.0' but version of Goa is 3.2.1
configure:18782: $? = 1
configure:18799: result: no
Requested 'goa-1.0 >= 3.3.0' but version of Goa is 3.2.1
configure:18834: checking Mission Control plugins dir
configure:18838: result: /usr/lib/mission-control-plugins.0
configure:18877: checking for CHEESE
configure:18884: $PKG_CONFIG --exists --print-errors "gstreamer-0.10 cheese-gtk >= 2.91.91.1"
configure:18887: $? = 0
configure:18901: $PKG_CONFIG --exists --print-errors "gstreamer-0.10 cheese-gtk >= 2.91.91.1"
configure:18904: $? = 0
configure:18942: result: yes
configure:19179: creating ./config.status

## ---------------------- ##
## Running config.status. ##
## ---------------------- ##

This file was extended by Empathy config.status 3.3.4.20120127, which was
generated by GNU Autoconf 2.68.  Invocation command line was

  CONFIG_FILES    = 
  CONFIG_HEADERS  = 
  CONFIG_LINKS    = 
  CONFIG_COMMANDS = 
  $ ./config.status 

on myhost

config.status:1351: creating Makefile
config.status:1351: creating data/Makefile
config.status:1351: creating data/empathy.desktop.in
config.status:1351: creating data/empathy-accounts.desktop.in
config.status:1351: creating data/icons/Makefile
config.status:1351: creating extensions/Makefile
config.status:1351: creating po/Makefile.in
config.status:1351: creating libempathy/Makefile
config.status:1351: creating libempathy-gtk/Makefile
config.status:1351: creating src/Makefile
config.status:1351: creating nautilus-sendto-plugin/Makefile
config.status:1351: creating goa-mc-plugin/Makefile
config.status:1351: creating help/Makefile
config.status:1351: creating tests/Makefile
config.status:1351: creating tests/interactive/Makefile
config.status:1351: creating tests/xml/Makefile
config.status:1351: creating tools/Makefile
config.status:1351: creating config.h
config.status:1532: config.h is unchanged
config.status:1580: executing depfiles commands
config.status:1580: executing libtool commands
config.status:1580: executing po-directories commands
config.status:1580: executing po/stamp-it commands

## ---------------- ##
## Cache variables. ##
## ---------------- ##

ac_cv_build=i686-pc-linux-gnu
ac_cv_c_compiler_gnu=yes
ac_cv_env_CC_set=
ac_cv_env_CC_value=
ac_cv_env_CFLAGS_set=
ac_cv_env_CFLAGS_value=
ac_cv_env_CHEESE_CFLAGS_set=
ac_cv_env_CHEESE_CFLAGS_value=
ac_cv_env_CHEESE_LIBS_set=
ac_cv_env_CHEESE_LIBS_value=
ac_cv_env_CONNMAN_CFLAGS_set=
ac_cv_env_CONNMAN_CFLAGS_value=
ac_cv_env_CONNMAN_LIBS_set=
ac_cv_env_CONNMAN_LIBS_value=
ac_cv_env_CPPFLAGS_set=
ac_cv_env_CPPFLAGS_value=
ac_cv_env_CPP_set=
ac_cv_env_CPP_value=
ac_cv_env_EDS_CFLAGS_set=
ac_cv_env_EDS_CFLAGS_value=
ac_cv_env_EDS_LIBS_set=
ac_cv_env_EDS_LIBS_value=
ac_cv_env_EMPATHY_AV_CFLAGS_set=
ac_cv_env_EMPATHY_AV_CFLAGS_value=
ac_cv_env_EMPATHY_AV_LIBS_set=
ac_cv_env_EMPATHY_AV_LIBS_value=
ac_cv_env_EMPATHY_CALL_CFLAGS_set=
ac_cv_env_EMPATHY_CALL_CFLAGS_value=
ac_cv_env_EMPATHY_CALL_LIBS_set=
ac_cv_env_EMPATHY_CALL_LIBS_value=
ac_cv_env_EMPATHY_CFLAGS_set=
ac_cv_env_EMPATHY_CFLAGS_value=
ac_cv_env_EMPATHY_LIBS_set=
ac_cv_env_EMPATHY_LIBS_value=
ac_cv_env_ENCHANT_CFLAGS_set=
ac_cv_env_ENCHANT_CFLAGS_value=
ac_cv_env_ENCHANT_LIBS_set=
ac_cv_env_ENCHANT_LIBS_value=
ac_cv_env_GEOCLUE_CFLAGS_set=
ac_cv_env_GEOCLUE_CFLAGS_value=
ac_cv_env_GEOCLUE_LIBS_set=
ac_cv_env_GEOCLUE_LIBS_value=
ac_cv_env_GEOCODE_CFLAGS_set=
ac_cv_env_GEOCODE_CFLAGS_value=
ac_cv_env_GEOCODE_LIBS_set=
ac_cv_env_GEOCODE_LIBS_value=
ac_cv_env_GOA_CFLAGS_set=
ac_cv_env_GOA_CFLAGS_value=
ac_cv_env_GOA_LIBS_set=
ac_cv_env_GOA_LIBS_value=
ac_cv_env_LDFLAGS_set=
ac_cv_env_LDFLAGS_value=
ac_cv_env_LIBCHAMPLAIN_CFLAGS_set=
ac_cv_env_LIBCHAMPLAIN_CFLAGS_value=
ac_cv_env_LIBCHAMPLAIN_LIBS_set=
ac_cv_env_LIBCHAMPLAIN_LIBS_value=
ac_cv_env_LIBS_set=
ac_cv_env_LIBS_value=
ac_cv_env_MEEGO_CFLAGS_set=
ac_cv_env_MEEGO_CFLAGS_value=
ac_cv_env_MEEGO_LIBS_set=
ac_cv_env_MEEGO_LIBS_value=
ac_cv_env_NETWORK_MANAGER_CFLAGS_set=
ac_cv_env_NETWORK_MANAGER_CFLAGS_value=
ac_cv_env_NETWORK_MANAGER_LIBS_set=
ac_cv_env_NETWORK_MANAGER_LIBS_value=
ac_cv_env_NST_CFLAGS_set=
ac_cv_env_NST_CFLAGS_value=
ac_cv_env_NST_LIBS_set=
ac_cv_env_NST_LIBS_value=
ac_cv_env_PKG_CONFIG_LIBDIR_set=
ac_cv_env_PKG_CONFIG_LIBDIR_value=
ac_cv_env_PKG_CONFIG_PATH_set=set
ac_cv_env_PKG_CONFIG_PATH_value=/usr/local/lib/pkgconfig
ac_cv_env_PKG_CONFIG_set=
ac_cv_env_PKG_CONFIG_value=
ac_cv_env_PYTHON_set=
ac_cv_env_PYTHON_value=
ac_cv_env_UDEV_CFLAGS_set=
ac_cv_env_UDEV_CFLAGS_value=
ac_cv_env_UDEV_LIBS_set=
ac_cv_env_UDEV_LIBS_value=
ac_cv_env_VALGRIND_CFLAGS_set=
ac_cv_env_VALGRIND_CFLAGS_value=
ac_cv_env_VALGRIND_LIBS_set=
ac_cv_env_VALGRIND_LIBS_value=
ac_cv_env_XMKMF_set=
ac_cv_env_XMKMF_value=
ac_cv_env_YELL_CFLAGS_set=
ac_cv_env_YELL_CFLAGS_value=
ac_cv_env_YELL_LIBS_set=
ac_cv_env_YELL_LIBS_value=
ac_cv_env_build_alias_set=
ac_cv_env_build_alias_value=
ac_cv_env_host_alias_set=
ac_cv_env_host_alias_value=
ac_cv_env_target_alias_set=
ac_cv_env_target_alias_value=
ac_cv_func_connect=yes
ac_cv_func_gethostbyname=yes
ac_cv_func_remove=yes
ac_cv_func_shmat=yes
ac_cv_have_x='have_x=yes	ac_x_includes='\'''\''	ac_x_libraries='\'''\'''
ac_cv_header_dlfcn_h=yes
ac_cv_header_inttypes_h=yes
ac_cv_header_memory_h=yes
ac_cv_header_stdc=yes
ac_cv_header_stdint_h=yes
ac_cv_header_stdlib_h=yes
ac_cv_header_string_h=yes
ac_cv_header_strings_h=yes
ac_cv_header_sys_stat_h=yes
ac_cv_header_sys_types_h=yes
ac_cv_header_telepathy_logger_call_event_h=yes
ac_cv_header_unistd_h=yes
ac_cv_host=i686-pc-linux-gnu
ac_cv_lib_ICE_IceConnectionNumber=yes
ac_cv_lib_m_cos=yes
ac_cv_objext=o
ac_cv_path_DBUS_BINDING_TOOL=/usr/bin/dbus-binding-tool
ac_cv_path_EGREP='/bin/grep -E'
ac_cv_path_FGREP='/bin/grep -F'
ac_cv_path_GMSGFMT=/usr/bin/msgfmt
ac_cv_path_GREP=/bin/grep
ac_cv_path_INTLTOOL_EXTRACT=/usr/local/bin/intltool-extract
ac_cv_path_INTLTOOL_MERGE=/usr/local/bin/intltool-merge
ac_cv_path_INTLTOOL_PERL=/usr/bin/perl
ac_cv_path_INTLTOOL_UPDATE=/usr/local/bin/intltool-update
ac_cv_path_MSGFMT=/usr/bin/msgfmt
ac_cv_path_MSGMERGE=/usr/bin/msgmerge
ac_cv_path_PYTHON=/usr/local/bin/python
ac_cv_path_SED=/bin/sed
ac_cv_path_XGETTEXT=/usr/bin/xgettext
ac_cv_path_ac_pt_PKG_CONFIG=/usr/bin/pkg-config
ac_cv_path_install='/bin/install -c'
ac_cv_path_mkdir=/bin/mkdir
ac_cv_prog_AWK=gawk
ac_cv_prog_CPP='gcc -E'
ac_cv_prog_XSLTPROC=xsltproc
ac_cv_prog_ac_ct_AR=ar
ac_cv_prog_ac_ct_CC=gcc
ac_cv_prog_ac_ct_OBJDUMP=objdump
ac_cv_prog_ac_ct_RANLIB=ranlib
ac_cv_prog_ac_ct_STRIP=strip
ac_cv_prog_cc_c89=
ac_cv_prog_cc_g=yes
ac_cv_prog_make_make_set=yes
acl_cv_hardcode_direct=no
acl_cv_hardcode_libdir_flag_spec='${wl}-rpath ${wl}$libdir'
acl_cv_hardcode_libdir_separator=
acl_cv_hardcode_minus_L=no
acl_cv_libext=a
acl_cv_libname_spec='lib$name'
acl_cv_library_names_spec='$libname$shrext'
acl_cv_path_LD=/usr/bin/ld
acl_cv_prog_gnu_ld=yes
acl_cv_rpath=done
acl_cv_shlibext=so
acl_cv_wl=-Wl,
am_cv_CC_dependencies_compiler_type=gcc3
am_cv_pathless_PYTHON=python
am_cv_prog_tar_ustar=gnutar
am_cv_python_platform=linux3
am_cv_python_pyexecdir='${exec_prefix}/lib/python2.7/site-packages'
am_cv_python_pythondir='${prefix}/lib/python2.7/site-packages'
am_cv_python_version=2.7
gdu_cv_have_gdu=yes
gdu_cv_version_required=0.17.3
gt_cv_func_CFLocaleCopyCurrent=no
gt_cv_func_CFPreferencesCopyAppValue=no
gt_cv_func_gnugettext1_libc=yes
lt_cv_ar_at_file=@
lt_cv_archive_cmds_need_lc=no
lt_cv_deplibs_check_method=pass_all
lt_cv_file_magic_cmd='$MAGIC_CMD'
lt_cv_file_magic_test_file=
lt_cv_ld_reload_flag=-r
lt_cv_nm_interface='BSD nm'
lt_cv_objdir=.libs
lt_cv_path_LD=/usr/bin/ld
lt_cv_path_NM='/usr/bin/nm -B'
lt_cv_path_mainfest_tool=no
lt_cv_prog_compiler_c_o=yes
lt_cv_prog_compiler_pic='-fPIC -DPIC'
lt_cv_prog_compiler_pic_works=yes
lt_cv_prog_compiler_rtti_exceptions=no
lt_cv_prog_compiler_static_works=yes
lt_cv_prog_gnu_ld=yes
lt_cv_sharedlib_from_linklib_cmd='printf %s\n'
lt_cv_shlibpath_overrides_runpath=no
lt_cv_sys_global_symbol_pipe='sed -n -e '\''s/^.*[	 ]\([ABCDGIRSTW][ABCDGIRSTW]*\)[	 ][	 ]*\([_A-Za-z][_A-Za-z0-9]*\)$/\1 \2 \2/p'\'' | sed '\''/ __gnu_lto/d'\'''
lt_cv_sys_global_symbol_to_c_name_address='sed -n -e '\''s/^: \([^ ]*\)[ ]*$/  {\"\1\", (void *) 0},/p'\'' -e '\''s/^[ABCDGIRSTW]* \([^ ]*\) \([^ ]*\)$/  {"\2", (void *) \&\2},/p'\'''
lt_cv_sys_global_symbol_to_c_name_address_lib_prefix='sed -n -e '\''s/^: \([^ ]*\)[ ]*$/  {\"\1\", (void *) 0},/p'\'' -e '\''s/^[ABCDGIRSTW]* \([^ ]*\) \(lib[^ ]*\)$/  {"\2", (void *) \&\2},/p'\'' -e '\''s/^[ABCDGIRSTW]* \([^ ]*\) \([^ ]*\)$/  {"lib\2", (void *) \&\2},/p'\'''
lt_cv_sys_global_symbol_to_cdecl='sed -n -e '\''s/^T .* \(.*\)$/extern int \1();/p'\'' -e '\''s/^[ABCDGIRSTW]* .* \(.*\)$/extern char \1;/p'\'''
lt_cv_sys_max_cmd_len=1572864
lt_cv_to_host_file_cmd=func_convert_file_noop
lt_cv_to_tool_file_cmd=func_convert_file_noop
pkg_cv_CHEESE_CFLAGS='-pthread -DGSEAL_ENABLE -D_REENTRANT -I/usr/local/include/atk-1.0 -I/usr/local/include/pango-1.0 -I/usr/include/gstreamer-0.10 -I/usr/include/glib-2.0 -I/usr/lib/glib-2.0/include -I/usr/include/libxml2 -I/usr/include/cheese -I/usr/include/gtk-3.0 -I/usr/include/cairo -I/usr/include/gdk-pixbuf-2.0 -I/usr/include/pixman-1 -I/usr/include/freetype2 -I/usr/include/libpng14  '
pkg_cv_CHEESE_LIBS='-pthread -lgstreamer-0.10 -lgobject-2.0 -lgmodule-2.0 -lxml2 -lgthread-2.0 -lrt -lglib-2.0 -lcheese-gtk  '
pkg_cv_EDS_CFLAGS='-DCAMEL_HAVE_NSS -DCAMEL_HAVE_SSL -pthread -I/usr/local/include/evolution-data-server-3.2 -I/usr/include/nss -I/usr/include/nspr -I/usr/include/glib-2.0 -I/usr/lib/glib-2.0/include -I/usr/include/libxml2 -I/usr/include/gconf/2 -I/usr/include/libsoup-2.4 -I/usr/include/dbus-1.0 -I/usr/lib/dbus-1.0/include  '
pkg_cv_EDS_LIBS='-pthread -L/usr/local/lib -lebook-1.2 -lcamel-1.2 -ledataserver-1.2 -lsqlite3 -lssl3 -lsmime3 -lnss3 -lnssutil3 -lplds4 -lplc4 -lnspr4 -lpthread -ldl -lxml2 -lgconf-2 -lsoup-2.4 -lgio-2.0 -lgobject-2.0 -lgmodule-2.0 -lgthread-2.0 -lrt -lglib-2.0  '
pkg_cv_EMPATHY_AV_CFLAGS='-pthread -I/usr/local/include/gstreamer-0.10 -I/usr/local/include/telepathy-1.0 -I/usr/include/gstreamer-0.10 -I/usr/include/glib-2.0 -I/usr/lib/glib-2.0/include -I/usr/include/libxml2 -I/usr/include/telepathy-1.0 -I/usr/include/dbus-1.0 -I/usr/lib/dbus-1.0/include  '
pkg_cv_EMPATHY_AV_LIBS='-pthread -L/usr/local/lib -lgstfarsight-0.10 -lgstbase-0.10 -lgstreamer-0.10 -lgobject-2.0 -lgmodule-2.0 -lxml2 -lgthread-2.0 -lrt -lglib-2.0 -ltelepathy-farsight  '
pkg_cv_EMPATHY_CFLAGS='-pthread -DGSEAL_ENABLE -D_REENTRANT -I/usr/local/include -I/usr/local/include/telepathy-1.0 -I/usr/local/include/atk-1.0 -I/usr/local/include/pango-1.0 -I/usr/include/dbus-1.0 -I/usr/lib/dbus-1.0/include -I/usr/include/glib-2.0 -I/usr/lib/glib-2.0/include -I/usr/include/gee-1.0 -I/usr/include/gio-unix-2.0/ -I/usr/include/gnome-keyring-1 -I/usr/include/p11-kit-1 -I/usr/include/gstreamer-0.10 -I/usr/include/libxml2 -I/usr/include/telepathy-logger-0.2 -I/usr/include/gtk-3.0 -I/usr/include/cairo -I/usr/include/gdk-pixbuf-2.0 -I/usr/include/pixman-1 -I/usr/include/freetype2 -I/usr/include/libpng14 -I/usr/include/gcr-3 -I/usr/include/gck-1 -I/usr/include/webkit-3.0 -I/usr/include/libsoup-2.4 -I/usr/include/gsettings-desktop-schemas  '
pkg_cv_EMPATHY_LIBS='-pthread -Wl,--export-dynamic -L/usr/local/lib -ldbus-glib-1 -ldbus-1 -lpthread -lfolks-telepathy -lfolks -lgee -lgnome-keyring -lgnutls -lgstinterfaces-0.10 -lgstreamer-0.10 -ltelepathy-logger -ltelepathy-glib -lxml2 -lX11 -lcanberra-gtk3 -lcanberra -lnotify -lgcr-3 -ltasn1 -lgck-1 -lp11-kit -lpulse-mainloop-glib -lpulse -lwebkitgtk-3.0 -lgtk-3 -lgdk-3 -latk-1.0 -lpangoft2-1.0 -lpangocairo-1.0 -lgdk_pixbuf-2.0 -lcairo-gobject -lcairo -lpango-1.0 -lfreetype -lfontconfig -lsoup-2.4 -lgio-2.0 -lgobject-2.0 -lgmodule-2.0 -lgthread-2.0 -lrt -lglib-2.0  '
pkg_cv_ENCHANT_CFLAGS='-pthread -I/usr/include/enchant -I/usr/include/glib-2.0 -I/usr/lib/glib-2.0/include  '
pkg_cv_ENCHANT_LIBS='-pthread -lenchant -lgmodule-2.0 -lrt -lglib-2.0  '
pkg_cv_NETWORK_MANAGER_CFLAGS='-pthread -I/usr/include/libnm-glib -I/usr/include/NetworkManager -I/usr/include/dbus-1.0 -I/usr/include/glib-2.0 -I/usr/lib/glib-2.0/include -I/usr/lib/dbus-1.0/include  '
pkg_cv_NETWORK_MANAGER_LIBS='-pthread -lnm-glib -ldbus-glib-1 -ldbus-1 -lpthread -lgobject-2.0 -lgthread-2.0 -lrt -lglib-2.0  '
pkg_cv_NST_CFLAGS='-pthread -DGSEAL_ENABLE -I/usr/local/include/nautilus-sendto -I/usr/local/include/atk-1.0 -I/usr/local/include/pango-1.0 -I/usr/include/glib-2.0 -I/usr/lib/glib-2.0/include -I/usr/include/gtk-3.0 -I/usr/include/cairo -I/usr/include/gdk-pixbuf-2.0 -I/usr/include/pixman-1 -I/usr/include/freetype2 -I/usr/include/libpng14  '
pkg_cv_NST_LIBS='-Wl,--export-dynamic -pthread -L/usr/local/lib -lgtk-3 -lgdk-3 -latk-1.0 -lgio-2.0 -lpangoft2-1.0 -lpangocairo-1.0 -lgdk_pixbuf-2.0 -lcairo-gobject -lcairo -lpango-1.0 -lfreetype -lfontconfig -lgobject-2.0 -lgmodule-2.0 -lgthread-2.0 -lrt -lglib-2.0  '
pkg_cv_UDEV_CFLAGS='-pthread -I/usr/include/gudev-1.0 -I/usr/include/glib-2.0 -I/usr/lib/glib-2.0/include  '
pkg_cv_UDEV_LIBS='-pthread -lgudev-1.0 -lgobject-2.0 -lgthread-2.0 -lrt -lglib-2.0  '
pkg_cv_YELL_CFLAGS='-pthread -I/usr/local/include/telepathy-1.0 -I/home/jovanka/my-projects/empathy-git/empathy/telepathy-yell -I/usr/include/dbus-1.0 -I/usr/include/glib-2.0 -I/usr/lib/glib-2.0/include -I/usr/lib/dbus-1.0/include  '
pkg_cv_YELL_LIBS='/home/jovanka/my-projects/empathy-git/empathy/telepathy-yell/telepathy-yell/libtelepathy-yell.la  '

## ----------------- ##
## Output variables. ##
## ----------------- ##










		$(INSTALL_DATA) $^ "$(DESTDIR)$(gsettingsschemadir)"; \
		test -n "$(GSETTINGS_DISABLE_SCHEMAS_COMPILE)$(DESTDIR)" || $(GLIB_COMPILE_SCHEMAS) $(gsettingsschemadir); \
		test -z "$(gsettingsschemadir)" || $(MKDIR_P) "$(DESTDIR)$(gsettingsschemadir)"; \
	$(AM_V_GEN) glib-mkenums --comments '\''<!-- @comment@ -->'\'' --fhead "<schemalist>" --vhead "  <@type@ id='\''$(gsettings_ENUM_NAMESPACE).@EnumName@'\''>" --vprod "    <value nick='\''@valuenick@'\'' value='\''@valuenum@'\''/>" --vtail "  </@type@>" --ftail "</schemalist>" $^ > $@.tmp && mv $@.tmp $@
	$(AM_V_GEN) if test -f "$<"; then d=; else d="$(srcdir)/"; fi; $(GLIB_COMPILE_SCHEMAS) --strict --dry-run $(addprefix --schema-file=,$(gsettings__enum_file)) --schema-file=$${d}$< && touch $@
	@$(NORMAL_INSTALL)
	@$(NORMAL_UNINSTALL)
	@list='\''$(gsettings_SCHEMAS) $(gsettings__enum_file)'\''; test -n "$(gsettingsschemadir)" || list=; \
	cd "$(DESTDIR)$(gsettingsschemadir)" && rm -f $$files
	echo " ( cd '\''$(DESTDIR)$(gsettingsschemadir)'\'' && rm -f" $$files ")"; \
	fi
	files=`for p in $$list; do echo $$p; done | sed -e '\''s|^.*/||'\''`; \
	if test -n "$^"; then \
	rm -f $(gsettings_SCHEMAS:.xml=.valid) $(gsettings__enum_file)
	test -n "$$files" || exit 0; \
	test -n "$(GSETTINGS_DISABLE_SCHEMAS_COMPILE)$(DESTDIR)" || $(GLIB_COMPILE_SCHEMAS) $(gsettingsschemadir)
$(gsettings__enum_file): $(gsettings_ENUM_FILES)
%.gschema.valid: %.gschema.xml $(gsettings__enum_file)
.PHONY : uninstall-gsettings-schemas install-gsettings-schemas clean-gsettings-schemas
.SECONDARY: $(gsettings_SCHEMAS)
ACLOCAL='${SHELL} /home/jovanka/my-projects/empathy-git/empathy/missing --run aclocal-1.11'
ALL_LINGUAS=''
AMDEPBACKSLASH='\'
AMDEP_FALSE='#'
AMDEP_TRUE=''
AMTAR='${SHELL} /home/jovanka/my-projects/empathy-git/empathy/missing --run tar'
AM_BACKSLASH='\'
AM_DEFAULT_VERBOSITY='0'
AR='ar'
AUTOCONF='${SHELL} /home/jovanka/my-projects/empathy-git/empathy/missing --run autoconf'
AUTOHEADER='${SHELL} /home/jovanka/my-projects/empathy-git/empathy/missing --run autoheader'
AUTOMAKE='${SHELL} /home/jovanka/my-projects/empathy-git/empathy/missing --run automake-1.11'
AWK='gawk'
BUILD_CHEESE_FALSE='#'
BUILD_CHEESE_TRUE=''
CC='gcc'
CCDEPMODE='depmode=gcc3'
CFLAGS='-g -O2'
CHEESE_CFLAGS='-pthread -DGSEAL_ENABLE -D_REENTRANT -I/usr/local/include/atk-1.0 -I/usr/local/include/pango-1.0 -I/usr/include/gstreamer-0.10 -I/usr/include/glib-2.0 -I/usr/lib/glib-2.0/include -I/usr/include/libxml2 -I/usr/include/cheese -I/usr/include/gtk-3.0 -I/usr/include/cairo -I/usr/include/gdk-pixbuf-2.0 -I/usr/include/pixman-1 -I/usr/include/freetype2 -I/usr/include/libpng14  '
CHEESE_LIBS='-pthread -lgstreamer-0.10 -lgobject-2.0 -lgmodule-2.0 -lxml2 -lgthread-2.0 -lrt -lglib-2.0 -lcheese-gtk  '
CONNMAN_CFLAGS=''
CONNMAN_LIBS=''
CPP='gcc -E'
CPPFLAGS=''
CYGPATH_W='echo'
DATADIRNAME='share'
DBUS_BINDING_TOOL='/usr/bin/dbus-binding-tool'
DEFS='-DHAVE_CONFIG_H'
DEPDIR='.deps'
DISTCHECK_CONFIGURE_FLAGS='--disable-scrollkeeper '
DLLTOOL='false'
DOC_USER_FORMATS=''
DSYMUTIL=''
DUMPBIN=''
ECHO_C=''
ECHO_N='-n'
ECHO_T=''
EDS_CFLAGS='-DCAMEL_HAVE_NSS -DCAMEL_HAVE_SSL -pthread -I/usr/local/include/evolution-data-server-3.2 -I/usr/include/nss -I/usr/include/nspr -I/usr/include/glib-2.0 -I/usr/lib/glib-2.0/include -I/usr/include/libxml2 -I/usr/include/gconf/2 -I/usr/include/libsoup-2.4 -I/usr/include/dbus-1.0 -I/usr/lib/dbus-1.0/include  '
EDS_LIBS='-pthread -L/usr/local/lib -lebook-1.2 -lcamel-1.2 -ledataserver-1.2 -lsqlite3 -lssl3 -lsmime3 -lnss3 -lnssutil3 -lplds4 -lplc4 -lnspr4 -lpthread -ldl -lxml2 -lgconf-2 -lsoup-2.4 -lgio-2.0 -lgobject-2.0 -lgmodule-2.0 -lgthread-2.0 -lrt -lglib-2.0  '
EGREP='/bin/grep -E'
EMPATHY_AV_CFLAGS='-pthread -I/usr/local/include/gstreamer-0.10 -I/usr/local/include/telepathy-1.0 -I/usr/include/gstreamer-0.10 -I/usr/include/glib-2.0 -I/usr/lib/glib-2.0/include -I/usr/include/libxml2 -I/usr/include/telepathy-1.0 -I/usr/include/dbus-1.0 -I/usr/lib/dbus-1.0/include  '
EMPATHY_AV_LIBS='-pthread -L/usr/local/lib -lgstfarsight-0.10 -lgstbase-0.10 -lgstreamer-0.10 -lgobject-2.0 -lgmodule-2.0 -lxml2 -lgthread-2.0 -lrt -lglib-2.0 -ltelepathy-farsight  '
EMPATHY_CALL_CFLAGS=''
EMPATHY_CALL_LIBS=''
EMPATHY_CFLAGS='-pthread -DGSEAL_ENABLE -D_REENTRANT -I/usr/local/include -I/usr/local/include/telepathy-1.0 -I/usr/local/include/atk-1.0 -I/usr/local/include/pango-1.0 -I/usr/include/dbus-1.0 -I/usr/lib/dbus-1.0/include -I/usr/include/glib-2.0 -I/usr/lib/glib-2.0/include -I/usr/include/gee-1.0 -I/usr/include/gio-unix-2.0/ -I/usr/include/gnome-keyring-1 -I/usr/include/p11-kit-1 -I/usr/include/gstreamer-0.10 -I/usr/include/libxml2 -I/usr/include/telepathy-logger-0.2 -I/usr/include/gtk-3.0 -I/usr/include/cairo -I/usr/include/gdk-pixbuf-2.0 -I/usr/include/pixman-1 -I/usr/include/freetype2 -I/usr/include/libpng14 -I/usr/include/gcr-3 -I/usr/include/gck-1 -I/usr/include/webkit-3.0 -I/usr/include/libsoup-2.4 -I/usr/include/gsettings-desktop-schemas  '
EMPATHY_LIBS='-pthread -Wl,--export-dynamic -L/usr/local/lib -ldbus-glib-1 -ldbus-1 -lpthread -lfolks-telepathy -lfolks -lgee -lgnome-keyring -lgnutls -lgstinterfaces-0.10 -lgstreamer-0.10 -ltelepathy-logger -ltelepathy-glib -lxml2 -lX11 -lcanberra-gtk3 -lcanberra -lnotify -lgcr-3 -ltasn1 -lgck-1 -lp11-kit -lpulse-mainloop-glib -lpulse -lwebkitgtk-3.0 -lgtk-3 -lgdk-3 -latk-1.0 -lpangoft2-1.0 -lpangocairo-1.0 -lgdk_pixbuf-2.0 -lcairo-gobject -lcairo -lpango-1.0 -lfreetype -lfontconfig -lsoup-2.4 -lgio-2.0 -lgobject-2.0 -lgmodule-2.0 -lgthread-2.0 -lrt -lglib-2.0  '
ENABLE_CODING_STYLE_CHECKS='yes'
ENABLE_SK_FALSE='#'
ENABLE_SK_TRUE=''
ENCHANT_CFLAGS='-pthread -I/usr/include/enchant -I/usr/include/glib-2.0 -I/usr/lib/glib-2.0/include  '
ENCHANT_LIBS='-pthread -lenchant -lgmodule-2.0 -lrt -lglib-2.0  '
ERROR_CFLAGS='-Wall -Werror -Wextra -Wno-missing-field-initializers -Wno-unused-parameter -Wdeclaration-after-statement -Wshadow -Wmissing-prototypes -Wmissing-declarations -Wstrict-prototypes'
EXEEXT=''
FGREP='/bin/grep -F'
GEOCLUE_CFLAGS=''
GEOCLUE_LIBS=''
GEOCODE_CFLAGS=''
GEOCODE_LIBS=''
GETTEXT_MACRO_VERSION='0.17'
GETTEXT_PACKAGE='empathy'
GLIB_CFLAGS='-I/usr/include/glib-2.0 -I/usr/lib/glib-2.0/include  '
GLIB_COMPILE_SCHEMAS='/usr/bin/glib-compile-schemas'
GLIB_GENMARSHAL='glib-genmarshal'
GLIB_LIBS='-lglib-2.0  '
GLIB_MKENUMS='glib-mkenums'
GMSGFMT='/usr/bin/msgfmt'
GMSGFMT_015='/usr/bin/msgfmt'
GOA_CFLAGS=''
GOA_LIBS=''
GOBJECT_QUERY='gobject-query'
GREP='/bin/grep'
GSETTINGS_DISABLE_SCHEMAS_COMPILE=''
GSETTINGS_RULES='
HAVE_CALL_FALSE=''
HAVE_CALL_TRUE='#'
HAVE_CONNMAN_FALSE=''
HAVE_CONNMAN_TRUE='#'
HAVE_ENCHANT_FALSE='#'
HAVE_ENCHANT_TRUE=''
HAVE_GEOCLUE_FALSE=''
HAVE_GEOCLUE_TRUE='#'
HAVE_GEOCODE_FALSE=''
HAVE_GEOCODE_TRUE='#'
HAVE_GNOME_DOC_UTILS_FALSE='#'
HAVE_GNOME_DOC_UTILS_TRUE=''
HAVE_GOA_FALSE=''
HAVE_GOA_TRUE='#'
HAVE_LIBCHAMPLAIN_FALSE=''
HAVE_LIBCHAMPLAIN_TRUE='#'
HAVE_MEEGO_FALSE=''
HAVE_MEEGO_TRUE='#'
HAVE_NM_FALSE='#'
HAVE_NM_TRUE=''
HAVE_NST_FALSE='#'
HAVE_NST_TRUE=''
HAVE_UDEV_FALSE='#'
HAVE_UDEV_TRUE=''
HAVE_VALGRIND_FALSE=''
HAVE_VALGRIND_TRUE='#'
HELP_DIR='${datadir}/gnome/help'
INSTALL_DATA='${INSTALL} -m 644'
INSTALL_PROGRAM='${INSTALL}'
INSTALL_SCRIPT='${INSTALL}'
INSTALL_STRIP_PROGRAM='$(install_sh) -c -s'
INTLLIBS=''
INTLTOOL_CAVES_RULE='%.caves:     %.caves.in     $(INTLTOOL_MERGE) $(wildcard $(top_srcdir)/po/*.po) ; LC_ALL=C $(INTLTOOL_MERGE) -d -u -c $(top_builddir)/po/.intltool-merge-cache $(top_srcdir)/po $< $@'
INTLTOOL_DESKTOP_RULE='%.desktop:   %.desktop.in   $(INTLTOOL_MERGE) $(wildcard $(top_srcdir)/po/*.po) ; LC_ALL=C $(INTLTOOL_MERGE) -d -u -c $(top_builddir)/po/.intltool-merge-cache $(top_srcdir)/po $< $@'
INTLTOOL_DIRECTORY_RULE='%.directory: %.directory.in $(INTLTOOL_MERGE) $(wildcard $(top_srcdir)/po/*.po) ; LC_ALL=C $(INTLTOOL_MERGE) -d -u -c $(top_builddir)/po/.intltool-merge-cache $(top_srcdir)/po $< $@'
INTLTOOL_EXTRACT='/usr/local/bin/intltool-extract'
INTLTOOL_KBD_RULE='%.kbd:       %.kbd.in       $(INTLTOOL_MERGE) $(wildcard $(top_srcdir)/po/*.po) ; LC_ALL=C $(INTLTOOL_MERGE) -x -u -m -c $(top_builddir)/po/.intltool-merge-cache $(top_srcdir)/po $< $@'
INTLTOOL_KEYS_RULE='%.keys:      %.keys.in      $(INTLTOOL_MERGE) $(wildcard $(top_srcdir)/po/*.po) ; LC_ALL=C $(INTLTOOL_MERGE) -k -u -c $(top_builddir)/po/.intltool-merge-cache $(top_srcdir)/po $< $@'
INTLTOOL_MERGE='/usr/local/bin/intltool-merge'
INTLTOOL_OAF_RULE='%.oaf:       %.oaf.in       $(INTLTOOL_MERGE) $(wildcard $(top_srcdir)/po/*.po) ; LC_ALL=C $(INTLTOOL_MERGE) -o -p $(top_srcdir)/po $< $@'
INTLTOOL_PERL='/usr/bin/perl'
INTLTOOL_POLICY_RULE='%.policy:    %.policy.in    $(INTLTOOL_MERGE) $(wildcard $(top_srcdir)/po/*.po) ; LC_ALL=C $(INTLTOOL_MERGE) -x -u -c $(top_builddir)/po/.intltool-merge-cache $(top_srcdir)/po $< $@'
INTLTOOL_PONG_RULE='%.pong:      %.pong.in      $(INTLTOOL_MERGE) $(wildcard $(top_srcdir)/po/*.po) ; LC_ALL=C $(INTLTOOL_MERGE) -x -u -c $(top_builddir)/po/.intltool-merge-cache $(top_srcdir)/po $< $@'
INTLTOOL_PROP_RULE='%.prop:      %.prop.in      $(INTLTOOL_MERGE) $(wildcard $(top_srcdir)/po/*.po) ; LC_ALL=C $(INTLTOOL_MERGE) -d -u -c $(top_builddir)/po/.intltool-merge-cache $(top_srcdir)/po $< $@'
INTLTOOL_SCHEMAS_RULE='%.schemas:   %.schemas.in   $(INTLTOOL_MERGE) $(wildcard $(top_srcdir)/po/*.po) ; LC_ALL=C $(INTLTOOL_MERGE) -s -u -c $(top_builddir)/po/.intltool-merge-cache $(top_srcdir)/po $< $@'
INTLTOOL_SERVER_RULE='%.server:    %.server.in    $(INTLTOOL_MERGE) $(wildcard $(top_srcdir)/po/*.po) ; LC_ALL=C $(INTLTOOL_MERGE) -o -u -c $(top_builddir)/po/.intltool-merge-cache $(top_srcdir)/po $< $@'
INTLTOOL_SERVICE_RULE='%.service: %.service.in   $(INTLTOOL_MERGE) $(wildcard $(top_srcdir)/po/*.po) ; LC_ALL=C $(INTLTOOL_MERGE) -d -u -c $(top_builddir)/po/.intltool-merge-cache $(top_srcdir)/po $< $@'
INTLTOOL_SHEET_RULE='%.sheet:     %.sheet.in     $(INTLTOOL_MERGE) $(wildcard $(top_srcdir)/po/*.po) ; LC_ALL=C $(INTLTOOL_MERGE) -x -u -c $(top_builddir)/po/.intltool-merge-cache $(top_srcdir)/po $< $@'
INTLTOOL_SOUNDLIST_RULE='%.soundlist: %.soundlist.in $(INTLTOOL_MERGE) $(wildcard $(top_srcdir)/po/*.po) ; LC_ALL=C $(INTLTOOL_MERGE) -d -u -c $(top_builddir)/po/.intltool-merge-cache $(top_srcdir)/po $< $@'
INTLTOOL_THEME_RULE='%.theme:     %.theme.in     $(INTLTOOL_MERGE) $(wildcard $(top_srcdir)/po/*.po) ; LC_ALL=C $(INTLTOOL_MERGE) -d -u -c $(top_builddir)/po/.intltool-merge-cache $(top_srcdir)/po $< $@'
INTLTOOL_UI_RULE='%.ui:        %.ui.in        $(INTLTOOL_MERGE) $(wildcard $(top_srcdir)/po/*.po) ; LC_ALL=C $(INTLTOOL_MERGE) -x -u -c $(top_builddir)/po/.intltool-merge-cache $(top_srcdir)/po $< $@'
INTLTOOL_UPDATE='/usr/local/bin/intltool-update'
INTLTOOL_XAM_RULE='%.xam:       %.xml.in       $(INTLTOOL_MERGE) $(wildcard $(top_srcdir)/po/*.po) ; LC_ALL=C $(INTLTOOL_MERGE) -x -u -c $(top_builddir)/po/.intltool-merge-cache $(top_srcdir)/po $< $@'
INTLTOOL_XML_NOMERGE_RULE='%.xml:       %.xml.in       $(INTLTOOL_MERGE) ; LC_ALL=C $(INTLTOOL_MERGE) -x -u /tmp $< $@'
INTLTOOL_XML_RULE='%.xml:       %.xml.in       $(INTLTOOL_MERGE) $(wildcard $(top_srcdir)/po/*.po) ; LC_ALL=C $(INTLTOOL_MERGE) -x -u -c $(top_builddir)/po/.intltool-merge-cache $(top_srcdir)/po $< $@'
INTL_MACOSX_LIBS=''
LD='/usr/bin/ld'
LDFLAGS=''
LIBCHAMPLAIN_CFLAGS=''
LIBCHAMPLAIN_LIBS=''
LIBICONV='-liconv'
LIBINTL=''
LIBM='-lm'
LIBOBJS=''
LIBS=''
LIBTOOL='$(SHELL) $(top_builddir)/libtool'
LIPO=''
LN_S='ln -s'
LTLIBICONV='-liconv'
LTLIBINTL=''
LTLIBOBJS=''
MAKEINFO='${SHELL} /home/jovanka/my-projects/empathy-git/empathy/missing --run makeinfo'
MANIFEST_TOOL=':'
MEEGO_CFLAGS=''
MEEGO_LIBS=''
MISSION_CONTROL_PLUGINS_DIR='/usr/lib/mission-control-plugins.0'
MKDIR_P='/bin/mkdir -p'
MSGFMT='/usr/bin/msgfmt'
MSGFMT_015='/usr/bin/msgfmt'
MSGMERGE='/usr/bin/msgmerge'
NETWORK_MANAGER_CFLAGS='-pthread -I/usr/include/libnm-glib -I/usr/include/NetworkManager -I/usr/include/dbus-1.0 -I/usr/include/glib-2.0 -I/usr/lib/glib-2.0/include -I/usr/lib/dbus-1.0/include  '
NETWORK_MANAGER_LIBS='-pthread -lnm-glib -ldbus-glib-1 -ldbus-1 -lpthread -lgobject-2.0 -lgthread-2.0 -lrt -lglib-2.0  '
NM='/usr/bin/nm -B'
NMEDIT=''
NST_CFLAGS='-pthread -DGSEAL_ENABLE -I/usr/local/include/nautilus-sendto -I/usr/local/include/atk-1.0 -I/usr/local/include/pango-1.0 -I/usr/include/glib-2.0 -I/usr/lib/glib-2.0/include -I/usr/include/gtk-3.0 -I/usr/include/cairo -I/usr/include/gdk-pixbuf-2.0 -I/usr/include/pixman-1 -I/usr/include/freetype2 -I/usr/include/libpng14  '
NST_LIBS='-Wl,--export-dynamic -pthread -L/usr/local/lib -lgtk-3 -lgdk-3 -latk-1.0 -lgio-2.0 -lpangoft2-1.0 -lpangocairo-1.0 -lgdk_pixbuf-2.0 -lcairo-gobject -lcairo -lpango-1.0 -lfreetype -lfontconfig -lgobject-2.0 -lgmodule-2.0 -lgthread-2.0 -lrt -lglib-2.0  '
OBJDUMP='objdump'
OBJEXT='o'
OMF_DIR='${datadir}/omf'
OTOOL64=''
OTOOL=''
PACKAGE='empathy'
PACKAGE_BUGREPORT='http://bugzilla.gnome.org/browse.cgi?product=empathy'
PACKAGE_NAME='Empathy'
PACKAGE_STRING='Empathy 3.3.4.20120127'
PACKAGE_TARNAME='empathy'
PACKAGE_URL='https://live.gnome.org/Empathy'
PACKAGE_VERSION='3.3.4.20120127'
PATH_SEPARATOR=':'
PKG_CONFIG='/usr/bin/pkg-config'
PKG_CONFIG_LIBDIR=''
PKG_CONFIG_PATH='/usr/local/lib/pkgconfig:telepathy-yell/telepathy-yell'
POSUB='po'
PYTHON='/usr/local/bin/python'
PYTHON_EXEC_PREFIX='${exec_prefix}'
PYTHON_PLATFORM='linux3'
PYTHON_PREFIX='${prefix}'
PYTHON_VERSION='2.7'
RANLIB='ranlib'
SED='/bin/sed'
SET_MAKE=''
SHELL='/bin/sh'
STRIP='strip'
UDEV_CFLAGS='-pthread -I/usr/include/gudev-1.0 -I/usr/include/glib-2.0 -I/usr/lib/glib-2.0/include  '
UDEV_LIBS='-pthread -lgudev-1.0 -lgobject-2.0 -lgthread-2.0 -lrt -lglib-2.0  '
USE_NLS='yes'
VALGRIND_CFLAGS=''
VALGRIND_LIBS=''
VALGRIND_PATH=''
VERSION='3.3.4.20120127'
XGETTEXT='/usr/bin/xgettext'
XGETTEXT_015='/usr/bin/xgettext'
XGETTEXT_EXTRA_OPTIONS=''
XMKMF=''
XSLTPROC='xsltproc'
X_CFLAGS=''
X_EXTRA_LIBS=''
X_LIBS=''
X_PRE_LIBS=' -lSM -lICE'
YELL_CFLAGS='-pthread -I/usr/local/include/telepathy-1.0 -I/home/jovanka/my-projects/empathy-git/empathy/telepathy-yell -I/usr/include/dbus-1.0 -I/usr/include/glib-2.0 -I/usr/lib/glib-2.0/include -I/usr/lib/dbus-1.0/include  '
YELL_LIBS='/home/jovanka/my-projects/empathy-git/empathy/telepathy-yell/telepathy-yell/libtelepathy-yell.la  '
ac_ct_AR='ar'
ac_ct_CC='gcc'
ac_ct_DUMPBIN=''
all-am: $(gsettings_SCHEMAS:.xml=.valid)
am__EXEEXT_FALSE=''
am__EXEEXT_TRUE='#'
am__fastdepCC_FALSE='#'
am__fastdepCC_TRUE=''
am__include='include'
am__isrc=''
am__leading_dot='.'
am__nodep='_no'
am__quote=''
am__tar='tar --format=ustar -chf - "$$tardir"'
am__untar='tar -xf -'
bindir='${exec_prefix}/bin'
build='i686-pc-linux-gnu'
build_alias=''
build_cpu='i686'
build_os='linux-gnu'
build_vendor='pc'
clean-gsettings-schemas:
datadir='${datarootdir}'
datarootdir='${prefix}/share'
docdir='${datarootdir}/doc/${PACKAGE_TARNAME}'
dvidir='${docdir}'
endif'
exec_prefix='${prefix}'
gsettings__enum_file = $(addsuffix .enums.xml,$(gsettings_ENUM_NAMESPACE))
gsettingsschemadir='${datarootdir}/glib-2.0/schemas'
host='i686-pc-linux-gnu'
host_alias=''
host_cpu='i686'
host_os='linux-gnu'
host_vendor='pc'
htmldir='${docdir}'
ifdef gsettings_ENUM_NAMESPACE
includedir='${prefix}/include'
infodir='${datarootdir}/info'
install-data-am: install-gsettings-schemas
install-gsettings-schemas: $(gsettings_SCHEMAS) $(gsettings__enum_file)
install_sh='${SHELL} /home/jovanka/my-projects/empathy-git/empathy/install-sh'
libdir='${exec_prefix}/lib'
libexecdir='${exec_prefix}/libexec'
localedir='${datarootdir}/locale'
localstatedir='${prefix}/var'
mandir='${datarootdir}/man'
mkdir_p='/bin/mkdir -p'
mostlyclean-am: clean-gsettings-schemas
oldincludedir='/usr/include'
pdfdir='${docdir}'
pkgpyexecdir='${pyexecdir}/empathy'
pkgpythondir='${pythondir}/empathy'
prefix='/usr/local'
program_transform_name='s,x,x,'
psdir='${docdir}'
pyexecdir='${exec_prefix}/lib/python2.7/site-packages'
pythondir='${prefix}/lib/python2.7/site-packages'
sbindir='${exec_prefix}/sbin'
sharedstatedir='${prefix}/com'
sysconfdir='${prefix}/etc'
target_alias=''
uninstall-am: uninstall-gsettings-schemas
uninstall-gsettings-schemas:

## ----------- ##
## confdefs.h. ##
## ----------- ##

/* confdefs.h */
#define PACKAGE_NAME "Empathy"
#define PACKAGE_TARNAME "empathy"
#define PACKAGE_VERSION "3.3.4.20120127"
#define PACKAGE_STRING "Empathy 3.3.4.20120127"
#define PACKAGE_BUGREPORT "http://bugzilla.gnome.org/browse.cgi?product=empathy"
#define PACKAGE_URL "https://live.gnome.org/Empathy"
#define GLIB_DISABLE_DEPRECATION_WARNINGS 1
#define STDC_HEADERS 1
#define HAVE_SYS_TYPES_H 1
#define HAVE_SYS_STAT_H 1
#define HAVE_STDLIB_H 1
#define HAVE_STRING_H 1
#define HAVE_MEMORY_H 1
#define HAVE_STRINGS_H 1
#define HAVE_INTTYPES_H 1
#define HAVE_STDINT_H 1
#define HAVE_UNISTD_H 1
#define HAVE_DLFCN_H 1
#define LT_OBJDIR ".libs/"
#define EMPATHY_GOA_PROVIDER "org.gnome.OnlineAccounts"
#define HAVE_CALL_LOGS 1
#define HAVE_EDS 1
#define ENABLE_DEBUG /**/
#define ENABLE_NLS 1
#define HAVE_GETTEXT 1
#define HAVE_DCGETTEXT 1
#define GETTEXT_PACKAGE "empathy"
#define HAVE_NM 1
#define HAVE_UDEV 1
#define ISO_CODES_PREFIX "/usr"
#define HAVE_ENCHANT /**/
#define HAVE_CHEESE 1

configure: exit 0
